2022-09-20 12:07:56.083  INFO 185376 --- [restartedMain] c.m.userservice.UserServiceApplication   : Starting UserServiceApplication using Java 18.0.2.1 on MAVLT1146 with PID 185376 (E:\maveric_bank_app\user-service\target\classes started by rajamanikandanso in E:\maveric_bank_app)
2022-09-20 12:07:56.094  INFO 185376 --- [restartedMain] c.m.userservice.UserServiceApplication   : No active profile set, falling back to 1 default profile: "default"
2022-09-20 12:07:56.221  INFO 185376 --- [restartedMain] .e.DevToolsPropertyDefaultsPostProcessor : Devtools property defaults active! Set 'spring.devtools.add-properties' to 'false' to disable
2022-09-20 12:07:56.221  INFO 185376 --- [restartedMain] .e.DevToolsPropertyDefaultsPostProcessor : For additional web related logging consider setting the 'logging.level.web' property to 'DEBUG'
2022-09-20 12:07:57.612  INFO 185376 --- [restartedMain] .s.d.r.c.RepositoryConfigurationDelegate : Bootstrapping Spring Data JPA repositories in DEFAULT mode.
2022-09-20 12:07:57.869  INFO 185376 --- [restartedMain] .s.d.r.c.RepositoryConfigurationDelegate : Finished Spring Data repository scanning in 235 ms. Found 1 JPA repository interfaces.
2022-09-20 12:07:58.342  INFO 185376 --- [restartedMain] o.s.cloud.context.scope.GenericScope     : BeanFactory id=92fa5c28-912e-3025-838c-e087b0cf7ddc
2022-09-20 12:07:59.375  INFO 185376 --- [restartedMain] o.s.b.w.embedded.tomcat.TomcatWebServer  : Tomcat initialized with port(s): 3005 (http)
2022-09-20 12:07:59.395  INFO 185376 --- [restartedMain] o.apache.catalina.core.StandardService   : Starting service [Tomcat]
2022-09-20 12:07:59.396  INFO 185376 --- [restartedMain] org.apache.catalina.core.StandardEngine  : Starting Servlet engine: [Apache Tomcat/9.0.65]
2022-09-20 12:07:59.755  INFO 185376 --- [restartedMain] o.a.c.c.C.[Tomcat].[localhost].[/]       : Initializing Spring embedded WebApplicationContext
2022-09-20 12:07:59.755  INFO 185376 --- [restartedMain] w.s.c.ServletWebServerApplicationContext : Root WebApplicationContext: initialization completed in 3532 ms
2022-09-20 12:08:00.006  INFO 185376 --- [restartedMain] o.hibernate.jpa.internal.util.LogHelper  : HHH000204: Processing PersistenceUnitInfo [name: default]
2022-09-20 12:08:00.132  INFO 185376 --- [restartedMain] org.hibernate.Version                    : HHH000412: Hibernate ORM core version 5.6.10.Final
2022-09-20 12:08:00.463  INFO 185376 --- [restartedMain] o.hibernate.annotations.common.Version   : HCANN000001: Hibernate Commons Annotations {5.1.2.Final}
2022-09-20 12:08:00.615  INFO 185376 --- [restartedMain] com.zaxxer.hikari.HikariDataSource       : HikariPool-1 - Starting...
2022-09-20 12:08:01.160  INFO 185376 --- [restartedMain] com.zaxxer.hikari.HikariDataSource       : HikariPool-1 - Start completed.
2022-09-20 12:08:01.184  INFO 185376 --- [restartedMain] org.hibernate.dialect.Dialect            : HHH000400: Using dialect: org.hibernate.dialect.MySQL5InnoDBDialect
2022-09-20 12:08:01.503  WARN 185376 --- [restartedMain] org.hibernate.id.UUIDHexGenerator        : HHH000409: Using org.hibernate.id.UUIDHexGenerator which does not generate IETF RFC 4122 compliant UUID values; consider using org.hibernate.id.UUIDGenerator instead
2022-09-20 12:08:02.399  INFO 185376 --- [restartedMain] o.h.e.t.j.p.i.JtaPlatformInitiator       : HHH000490: Using JtaPlatform implementation: [org.hibernate.engine.transaction.jta.platform.internal.NoJtaPlatform]
2022-09-20 12:08:02.413  INFO 185376 --- [restartedMain] j.LocalContainerEntityManagerFactoryBean : Initialized JPA EntityManagerFactory for persistence unit 'default'
2022-09-20 12:08:03.106  WARN 185376 --- [restartedMain] JpaBaseConfiguration$JpaWebConfiguration : spring.jpa.open-in-view is enabled by default. Therefore, database queries may be performed during view rendering. Explicitly configure spring.jpa.open-in-view to disable this warning
2022-09-20 12:08:03.661  WARN 185376 --- [restartedMain] o.s.b.d.a.OptionalLiveReloadServer       : Unable to start LiveReload server
2022-09-20 12:08:04.064  INFO 185376 --- [restartedMain] DiscoveryClientOptionalArgsConfiguration : Eureka HTTP Client uses RestTemplate.
2022-09-20 12:08:04.570  WARN 185376 --- [restartedMain] iguration$LoadBalancerCaffeineWarnLogger : Spring Cloud LoadBalancer is currently working with the default cache. While this cache implementation is useful for development and tests, it's recommended to use Caffeine cache in production.You can switch to using Caffeine cache, by adding it and org.springframework.cache.caffeine.CaffeineCacheManager to the classpath.
2022-09-20 12:08:04.616  INFO 185376 --- [restartedMain] o.s.c.n.eureka.InstanceInfoFactory       : Setting initial instance status as: STARTING
2022-09-20 12:08:04.728  INFO 185376 --- [restartedMain] com.netflix.discovery.DiscoveryClient    : Initializing Eureka in region us-east-1
2022-09-20 12:08:04.736  INFO 185376 --- [restartedMain] c.n.d.s.r.aws.ConfigClusterResolver      : Resolving eureka endpoints via configuration
2022-09-20 12:08:04.769  INFO 185376 --- [restartedMain] com.netflix.discovery.DiscoveryClient    : Disable delta property : false
2022-09-20 12:08:04.769  INFO 185376 --- [restartedMain] com.netflix.discovery.DiscoveryClient    : Single vip registry refresh property : null
2022-09-20 12:08:04.769  INFO 185376 --- [restartedMain] com.netflix.discovery.DiscoveryClient    : Force full registry fetch : false
2022-09-20 12:08:04.769  INFO 185376 --- [restartedMain] com.netflix.discovery.DiscoveryClient    : Application is null : false
2022-09-20 12:08:04.770  INFO 185376 --- [restartedMain] com.netflix.discovery.DiscoveryClient    : Registered Applications size is zero : true
2022-09-20 12:08:04.770  INFO 185376 --- [restartedMain] com.netflix.discovery.DiscoveryClient    : Application version is -1: true
2022-09-20 12:08:04.770  INFO 185376 --- [restartedMain] com.netflix.discovery.DiscoveryClient    : Getting all instance registry info from the eureka server
2022-09-20 12:08:05.174  INFO 185376 --- [restartedMain] com.netflix.discovery.DiscoveryClient    : The response status is 200
2022-09-20 12:08:05.178  INFO 185376 --- [restartedMain] com.netflix.discovery.DiscoveryClient    : Starting heartbeat executor: renew interval is: 30
2022-09-20 12:08:05.182  INFO 185376 --- [restartedMain] c.n.discovery.InstanceInfoReplicator     : InstanceInfoReplicator onDemand update allowed rate per min is 4
2022-09-20 12:08:05.193  INFO 185376 --- [restartedMain] com.netflix.discovery.DiscoveryClient    : Discovery Client initialized at timestamp 1663655885191 with initial instances count: 1
2022-09-20 12:08:05.195  INFO 185376 --- [restartedMain] o.s.c.n.e.s.EurekaServiceRegistry        : Registering application USER-SERVICE with eureka with status UP
2022-09-20 12:08:05.196  INFO 185376 --- [restartedMain] com.netflix.discovery.DiscoveryClient    : Saw local status change event StatusChangeEvent [timestamp=1663655885196, current=UP, previous=STARTING]
2022-09-20 12:08:05.198  INFO 185376 --- [DiscoveryClient-InstanceInfoReplicator-0] com.netflix.discovery.DiscoveryClient    : DiscoveryClient_USER-SERVICE/user-service:1179ba1a-4db8-4880-82dd-10684f8ab759: registering service...
2022-09-20 12:08:05.240  INFO 185376 --- [restartedMain] o.s.b.w.embedded.tomcat.TomcatWebServer  : Tomcat started on port(s): 3005 (http) with context path ''
2022-09-20 12:08:05.241  INFO 185376 --- [restartedMain] .s.c.n.e.s.EurekaAutoServiceRegistration : Updating port to 3005
2022-09-20 12:08:05.257  INFO 185376 --- [DiscoveryClient-InstanceInfoReplicator-0] com.netflix.discovery.DiscoveryClient    : DiscoveryClient_USER-SERVICE/user-service:1179ba1a-4db8-4880-82dd-10684f8ab759 - registration status: 204
2022-09-20 12:08:05.586  INFO 185376 --- [restartedMain] c.m.userservice.UserServiceApplication   : Started UserServiceApplication in 11.297 seconds (JVM running for 12.646)
2022-09-20 12:13:04.781  INFO 185376 --- [AsyncResolver-bootstrap-executor-0] c.n.d.s.r.aws.ConfigClusterResolver      : Resolving eureka endpoints via configuration
2022-09-20 12:18:04.790  INFO 185376 --- [AsyncResolver-bootstrap-executor-0] c.n.d.s.r.aws.ConfigClusterResolver      : Resolving eureka endpoints via configuration
2022-09-20 12:19:13.675  INFO 185376 --- [http-nio-3005-exec-1] o.a.c.c.C.[Tomcat].[localhost].[/]       : Initializing Spring DispatcherServlet 'dispatcherServlet'
2022-09-20 12:19:13.675  INFO 185376 --- [http-nio-3005-exec-1] o.s.web.servlet.DispatcherServlet        : Initializing Servlet 'dispatcherServlet'
2022-09-20 12:19:13.676  INFO 185376 --- [http-nio-3005-exec-1] o.s.web.servlet.DispatcherServlet        : Completed initialization in 1 ms
2022-09-20 12:19:13.922  INFO 185376 --- [http-nio-3005-exec-1] c.m.u.controller.UserServiceController   : User found by Email raja@gmail.com
2022-09-20 12:19:26.315  INFO 185376 --- [http-nio-3005-exec-2] c.m.u.controller.UserServiceController   : User found by Email raja@gmail.com
2022-09-20 12:21:51.081  INFO 185376 --- [http-nio-3005-exec-4] c.m.u.controller.UserServiceController   : User created raja63@gmail.com
2022-09-20 12:22:27.727  INFO 185376 --- [http-nio-3005-exec-5] c.m.u.controller.UserServiceController   : User found by Email raja63@gmail.com
2022-09-20 12:22:27.821  INFO 185376 --- [http-nio-3005-exec-6] c.m.u.controller.UserServiceController   : User found by Email raja63@gmail.com
2022-09-20 12:23:04.796  INFO 185376 --- [AsyncResolver-bootstrap-executor-0] c.n.d.s.r.aws.ConfigClusterResolver      : Resolving eureka endpoints via configuration
2022-09-20 12:28:04.807  INFO 185376 --- [AsyncResolver-bootstrap-executor-0] c.n.d.s.r.aws.ConfigClusterResolver      : Resolving eureka endpoints via configuration
2022-09-20 12:33:04.814  INFO 185376 --- [AsyncResolver-bootstrap-executor-0] c.n.d.s.r.aws.ConfigClusterResolver      : Resolving eureka endpoints via configuration
2022-09-20 12:38:04.839  INFO 185376 --- [AsyncResolver-bootstrap-executor-0] c.n.d.s.r.aws.ConfigClusterResolver      : Resolving eureka endpoints via configuration
2022-09-20 12:43:04.852  INFO 185376 --- [AsyncResolver-bootstrap-executor-0] c.n.d.s.r.aws.ConfigClusterResolver      : Resolving eureka endpoints via configuration
2022-09-20 12:48:04.861  INFO 185376 --- [AsyncResolver-bootstrap-executor-0] c.n.d.s.r.aws.ConfigClusterResolver      : Resolving eureka endpoints via configuration
2022-09-20 12:53:04.876  INFO 185376 --- [AsyncResolver-bootstrap-executor-0] c.n.d.s.r.aws.ConfigClusterResolver      : Resolving eureka endpoints via configuration
2022-09-20 12:55:47.922  INFO 185376 --- [File Watcher] rtingClassPathChangeChangedEventListener : Restarting due to 20 class path changes (0 additions, 0 deletions, 20 modifications)
2022-09-20 12:55:47.929  INFO 185376 --- [Thread-1] o.s.c.n.e.s.EurekaServiceRegistry        : Unregistering application USER-SERVICE with eureka with status DOWN
2022-09-20 12:55:47.930  INFO 185376 --- [Thread-1] com.netflix.discovery.DiscoveryClient    : Saw local status change event StatusChangeEvent [timestamp=1663658747930, current=DOWN, previous=UP]
2022-09-20 12:55:47.930  INFO 185376 --- [DiscoveryClient-InstanceInfoReplicator-0] com.netflix.discovery.DiscoveryClient    : DiscoveryClient_USER-SERVICE/user-service:1179ba1a-4db8-4880-82dd-10684f8ab759: registering service...
2022-09-20 12:55:47.947  INFO 185376 --- [DiscoveryClient-InstanceInfoReplicator-0] com.netflix.discovery.DiscoveryClient    : DiscoveryClient_USER-SERVICE/user-service:1179ba1a-4db8-4880-82dd-10684f8ab759 - registration status: 204
2022-09-20 12:55:47.976  INFO 185376 --- [Thread-1] o.apache.catalina.core.StandardService   : Stopping service [Tomcat]
2022-09-20 12:55:47.980  INFO 185376 --- [Thread-1] o.a.c.c.C.[Tomcat].[localhost].[/]       : Destroying Spring FrameworkServlet 'dispatcherServlet'
2022-09-20 12:55:48.002  INFO 185376 --- [Thread-1] j.LocalContainerEntityManagerFactoryBean : Closing JPA EntityManagerFactory for persistence unit 'default'
2022-09-20 12:55:48.014  INFO 185376 --- [Thread-1] com.zaxxer.hikari.HikariDataSource       : HikariPool-1 - Shutdown initiated...
2022-09-20 12:55:48.026  INFO 185376 --- [Thread-1] com.zaxxer.hikari.HikariDataSource       : HikariPool-1 - Shutdown completed.
2022-09-20 12:55:48.027  INFO 185376 --- [Thread-1] com.netflix.discovery.DiscoveryClient    : Shutting down DiscoveryClient ...
2022-09-20 12:55:51.039  INFO 185376 --- [Thread-1] com.netflix.discovery.DiscoveryClient    : Unregistering ...
2022-09-20 12:55:51.045  INFO 185376 --- [Thread-1] com.netflix.discovery.DiscoveryClient    : DiscoveryClient_USER-SERVICE/user-service:1179ba1a-4db8-4880-82dd-10684f8ab759 - deregister  status: 200
2022-09-20 12:55:51.051  INFO 185376 --- [Thread-1] com.netflix.discovery.DiscoveryClient    : Completed shut down of DiscoveryClient
2022-09-20 12:56:52.076  INFO 185376 --- [restartedMain] c.m.userservice.UserServiceApplication   : Starting UserServiceApplication using Java 18.0.2.1 on MAVLT1146 with PID 185376 (E:\maveric_bank_app\user-service\target\classes started by rajamanikandanso in E:\maveric_bank_app)
2022-09-20 12:56:52.076  INFO 185376 --- [restartedMain] c.m.userservice.UserServiceApplication   : No active profile set, falling back to 1 default profile: "default"
2022-09-20 12:56:52.447  INFO 185376 --- [restartedMain] .s.d.r.c.RepositoryConfigurationDelegate : Bootstrapping Spring Data JPA repositories in DEFAULT mode.
2022-09-20 12:56:52.462  INFO 185376 --- [restartedMain] .s.d.r.c.RepositoryConfigurationDelegate : Finished Spring Data repository scanning in 14 ms. Found 1 JPA repository interfaces.
2022-09-20 12:56:52.568  INFO 185376 --- [restartedMain] o.s.cloud.context.scope.GenericScope     : BeanFactory id=92fa5c28-912e-3025-838c-e087b0cf7ddc
2022-09-20 12:56:52.740  INFO 185376 --- [restartedMain] o.s.b.w.embedded.tomcat.TomcatWebServer  : Tomcat initialized with port(s): 3005 (http)
2022-09-20 12:56:52.741  INFO 185376 --- [restartedMain] o.apache.catalina.core.StandardService   : Starting service [Tomcat]
2022-09-20 12:56:52.741  INFO 185376 --- [restartedMain] org.apache.catalina.core.StandardEngine  : Starting Servlet engine: [Apache Tomcat/9.0.65]
2022-09-20 12:56:52.836  INFO 185376 --- [restartedMain] o.a.c.c.C.[Tomcat].[localhost].[/]       : Initializing Spring embedded WebApplicationContext
2022-09-20 12:56:52.836  INFO 185376 --- [restartedMain] w.s.c.ServletWebServerApplicationContext : Root WebApplicationContext: initialization completed in 756 ms
2022-09-20 12:56:52.880  INFO 185376 --- [restartedMain] o.hibernate.jpa.internal.util.LogHelper  : HHH000204: Processing PersistenceUnitInfo [name: default]
2022-09-20 12:56:52.886  INFO 185376 --- [restartedMain] com.zaxxer.hikari.HikariDataSource       : HikariPool-2 - Starting...
2022-09-20 12:56:52.936  INFO 185376 --- [restartedMain] com.zaxxer.hikari.HikariDataSource       : HikariPool-2 - Start completed.
2022-09-20 12:56:52.937  INFO 185376 --- [restartedMain] org.hibernate.dialect.Dialect            : HHH000400: Using dialect: org.hibernate.dialect.MySQL5InnoDBDialect
2022-09-20 12:56:53.029  INFO 185376 --- [restartedMain] o.h.e.t.j.p.i.JtaPlatformInitiator       : HHH000490: Using JtaPlatform implementation: [org.hibernate.engine.transaction.jta.platform.internal.NoJtaPlatform]
2022-09-20 12:56:53.029  INFO 185376 --- [restartedMain] j.LocalContainerEntityManagerFactoryBean : Initialized JPA EntityManagerFactory for persistence unit 'default'
2022-09-20 12:56:53.172  WARN 185376 --- [restartedMain] JpaBaseConfiguration$JpaWebConfiguration : spring.jpa.open-in-view is enabled by default. Therefore, database queries may be performed during view rendering. Explicitly configure spring.jpa.open-in-view to disable this warning
2022-09-20 12:56:53.327  WARN 185376 --- [restartedMain] o.s.b.d.a.OptionalLiveReloadServer       : Unable to start LiveReload server
2022-09-20 12:56:53.713  INFO 185376 --- [restartedMain] DiscoveryClientOptionalArgsConfiguration : Eureka HTTP Client uses RestTemplate.
2022-09-20 12:56:54.021  WARN 185376 --- [restartedMain] iguration$LoadBalancerCaffeineWarnLogger : Spring Cloud LoadBalancer is currently working with the default cache. While this cache implementation is useful for development and tests, it's recommended to use Caffeine cache in production.You can switch to using Caffeine cache, by adding it and org.springframework.cache.caffeine.CaffeineCacheManager to the classpath.
2022-09-20 12:56:54.033  INFO 185376 --- [restartedMain] o.s.c.n.eureka.InstanceInfoFactory       : Setting initial instance status as: STARTING
2022-09-20 12:56:54.036  INFO 185376 --- [restartedMain] com.netflix.discovery.DiscoveryClient    : Initializing Eureka in region us-east-1
2022-09-20 12:56:54.036  INFO 185376 --- [restartedMain] c.n.d.s.r.aws.ConfigClusterResolver      : Resolving eureka endpoints via configuration
2022-09-20 12:56:54.065  INFO 185376 --- [restartedMain] com.netflix.discovery.DiscoveryClient    : Disable delta property : false
2022-09-20 12:56:54.065  INFO 185376 --- [restartedMain] com.netflix.discovery.DiscoveryClient    : Single vip registry refresh property : null
2022-09-20 12:56:54.065  INFO 185376 --- [restartedMain] com.netflix.discovery.DiscoveryClient    : Force full registry fetch : false
2022-09-20 12:56:54.065  INFO 185376 --- [restartedMain] com.netflix.discovery.DiscoveryClient    : Application is null : false
2022-09-20 12:56:54.065  INFO 185376 --- [restartedMain] com.netflix.discovery.DiscoveryClient    : Registered Applications size is zero : true
2022-09-20 12:56:54.065  INFO 185376 --- [restartedMain] com.netflix.discovery.DiscoveryClient    : Application version is -1: true
2022-09-20 12:56:54.065  INFO 185376 --- [restartedMain] com.netflix.discovery.DiscoveryClient    : Getting all instance registry info from the eureka server
2022-09-20 12:56:54.080  INFO 185376 --- [restartedMain] com.netflix.discovery.DiscoveryClient    : The response status is 200
2022-09-20 12:56:54.081  INFO 185376 --- [restartedMain] com.netflix.discovery.DiscoveryClient    : Starting heartbeat executor: renew interval is: 30
2022-09-20 12:56:54.082  INFO 185376 --- [restartedMain] c.n.discovery.InstanceInfoReplicator     : InstanceInfoReplicator onDemand update allowed rate per min is 4
2022-09-20 12:56:54.083  INFO 185376 --- [restartedMain] com.netflix.discovery.DiscoveryClient    : Discovery Client initialized at timestamp 1663658814083 with initial instances count: 4
2022-09-20 12:56:54.084  INFO 185376 --- [restartedMain] o.s.c.n.e.s.EurekaServiceRegistry        : Registering application USER-SERVICE with eureka with status UP
2022-09-20 12:56:54.084  INFO 185376 --- [restartedMain] com.netflix.discovery.DiscoveryClient    : Saw local status change event StatusChangeEvent [timestamp=1663658814084, current=UP, previous=STARTING]
2022-09-20 12:56:54.085  INFO 185376 --- [DiscoveryClient-InstanceInfoReplicator-0] com.netflix.discovery.DiscoveryClient    : DiscoveryClient_USER-SERVICE/user-service:d36a1ebf-8ea9-4774-ac18-1d37f46dcb36: registering service...
2022-09-20 12:56:54.088  INFO 185376 --- [restartedMain] o.s.b.w.embedded.tomcat.TomcatWebServer  : Tomcat started on port(s): 3005 (http) with context path ''
2022-09-20 12:56:54.089  INFO 185376 --- [restartedMain] .s.c.n.e.s.EurekaAutoServiceRegistration : Updating port to 3005
2022-09-20 12:56:54.101  INFO 185376 --- [DiscoveryClient-InstanceInfoReplicator-0] com.netflix.discovery.DiscoveryClient    : DiscoveryClient_USER-SERVICE/user-service:d36a1ebf-8ea9-4774-ac18-1d37f46dcb36 - registration status: 204
2022-09-20 12:56:54.425  INFO 185376 --- [restartedMain] c.m.userservice.UserServiceApplication   : Started UserServiceApplication in 63.202 seconds (JVM running for 2941.424)
2022-09-20 12:56:54.428  INFO 185376 --- [restartedMain] .ConditionEvaluationDeltaLoggingListener : Condition evaluation unchanged
2022-09-20 13:01:54.076  INFO 185376 --- [AsyncResolver-bootstrap-executor-0] c.n.d.s.r.aws.ConfigClusterResolver      : Resolving eureka endpoints via configuration
2022-09-20 13:06:54.085  INFO 185376 --- [AsyncResolver-bootstrap-executor-0] c.n.d.s.r.aws.ConfigClusterResolver      : Resolving eureka endpoints via configuration
